<?xml version="1.0" ?>
<coverage version="7.3.2" timestamp="1701206090305" lines-valid="56" lines-covered="0" line-rate="0" branches-covered="0" branches-valid="0" branch-rate="0" complexity="0">
	<!-- Generated by coverage.py: https://coverage.readthedocs.io/en/7.3.2 -->
	<!-- Based on https://raw.githubusercontent.com/cobertura/web/master/htdocs/xml/coverage-04.dtd -->
	<sources>
		<source>d:\new folder\src\main\python</source>
	</sources>
	<packages>
		<package name="." line-rate="0" branch-rate="0" complexity="0">
			<classes>
				<class name="attendanceproject.py" filename="attendanceproject.py" complexity="0" line-rate="0" branch-rate="0">
					<methods/>
					<lines>
						<line number="2" hits="0"/>
						<line number="3" hits="0"/>
						<line number="4" hits="0"/>
						<line number="5" hits="0"/>
						<line number="6" hits="0"/>
						<line number="9" hits="0"/>
						<line number="12" hits="0"/>
						<line number="13" hits="0"/>
						<line number="16" hits="0"/>
						<line number="19" hits="0"/>
						<line number="21" hits="0"/>
						<line number="23" hits="0"/>
						<line number="25" hits="0"/>
						<line number="28" hits="0"/>
						<line number="31" hits="0"/>
						<line number="33" hits="0"/>
						<line number="35" hits="0"/>
						<line number="37" hits="0"/>
						<line number="39" hits="0"/>
						<line number="41" hits="0"/>
						<line number="43" hits="0"/>
						<line number="46" hits="0"/>
						<line number="48" hits="0"/>
						<line number="50" hits="0"/>
						<line number="52" hits="0"/>
						<line number="54" hits="0"/>
						<line number="56" hits="0"/>
						<line number="58" hits="0"/>
						<line number="60" hits="0"/>
						<line number="62" hits="0"/>
						<line number="64" hits="0"/>
						<line number="66" hits="0"/>
						<line number="69" hits="0"/>
						<line number="71" hits="0"/>
						<line number="74" hits="0"/>
						<line number="76" hits="0"/>
						<line number="78" hits="0"/>
						<line number="80" hits="0"/>
						<line number="82" hits="0"/>
						<line number="85" hits="0"/>
						<line number="87" hits="0"/>
						<line number="90" hits="0"/>
						<line number="92" hits="0"/>
						<line number="94" hits="0"/>
						<line number="96" hits="0"/>
						<line number="99" hits="0"/>
						<line number="101" hits="0"/>
						<line number="103" hits="0"/>
						<line number="106" hits="0"/>
						<line number="108" hits="0"/>
						<line number="110" hits="0"/>
						<line number="112" hits="0"/>
						<line number="114" hits="0"/>
						<line number="116" hits="0"/>
						<line number="119" hits="0"/>
						<line number="120" hits="0"/>
					</lines>
				</class>
			</classes>
		</package>
	</packages>
</coverage>
